Build started 11/06/2014 22:08:30.
     1>Project "C:\Users\David\Desktop\cg_trabalho final\cg_framework\cg_framework.vcxproj" on node 2 (Build target(s)).
     1>ClCompile:
         C:\Program Files (x86)\Microsoft Visual Studio 11.0\VC\bin\CL.exe /c /ZI /nologo /W3 /WX- /Od /Oy- /D WIN32 /D _DEBUG /D _WINDOWS /D _UNICODE /D UNICODE /Gm /EHsc /RTC1 /MDd /GS /fp:precise /Zc:wchar_t /Zc:forScope /Fo"Debug\\" /Fd"Debug\vc110.pdb" /Gd /TP /analyze- /errorReport:prompt main.cpp
         main.cpp
     1>c:\users\david\desktop\cg_trabalho final\cg_framework\main.cpp(195): warning C4996: 'fopen': This function or variable may be unsafe. Consider using fopen_s instead. To disable deprecation, use _CRT_SECURE_NO_WARNINGS. See online help for details.
                 c:\program files (x86)\microsoft visual studio 11.0\vc\include\stdio.h(218) : see declaration of 'fopen'
     1>c:\users\david\desktop\cg_trabalho final\cg_framework\main.cpp(567): warning C4244: '=' : conversion from 'int' to 'float', possible loss of data
     1>c:\users\david\desktop\cg_trabalho final\cg_framework\main.cpp(568): warning C4244: '=' : conversion from 'int' to 'float', possible loss of data
     1>c:\users\david\desktop\cg_trabalho final\cg_framework\main.cpp(571): warning C4244: '=' : conversion from 'int' to 'float', possible loss of data
     1>c:\users\david\desktop\cg_trabalho final\cg_framework\main.cpp(577): warning C4244: '=' : conversion from 'int' to 'float', possible loss of data
     1>c:\users\david\desktop\cg_trabalho final\cg_framework\main.cpp(583): warning C4244: '=' : conversion from 'int' to 'float', possible loss of data
     1>c:\users\david\desktop\cg_trabalho final\cg_framework\main.cpp(589): warning C4244: '=' : conversion from 'int' to 'float', possible loss of data
     1>c:\users\david\desktop\cg_trabalho final\cg_framework\main.cpp(593): warning C4244: '=' : conversion from 'int' to 'float', possible loss of data
     1>c:\users\david\desktop\cg_trabalho final\cg_framework\main.cpp(708): warning C4305: '+=' : truncation from 'double' to 'float'
     1>c:\users\david\desktop\cg_trabalho final\cg_framework\main.cpp(716): warning C4244: 'return' : conversion from 'double' to 'float', possible loss of data
     1>c:\users\david\desktop\cg_trabalho final\cg_framework\main.cpp(886): warning C4244: '=' : conversion from 'double' to 'float', possible loss of data
     1>c:\users\david\desktop\cg_trabalho final\cg_framework\main.cpp(1039): warning C4244: 'initializing' : conversion from 'double' to 'float', possible loss of data
       Link:
         C:\Program Files (x86)\Microsoft Visual Studio 11.0\VC\bin\link.exe /ERRORREPORT:PROMPT /OUT:"C:\Users\David\Desktop\cg_trabalho final\Debug\cg_framework.exe" /INCREMENTAL /NOLOGO glfw3.lib glew32.lib opengl32.lib FreeImage.lib kernel32.lib user32.lib gdi32.lib winspool.lib comdlg32.lib advapi32.lib shell32.lib ole32.lib oleaut32.lib uuid.lib odbc32.lib odbccp32.lib /MANIFEST /MANIFESTUAC:"level='asInvoker' uiAccess='false'" /manifest:embed /DEBUG /PDB:"C:\Users\David\Desktop\cg_trabalho final\Debug\cg_framework.pdb" /SUBSYSTEM:CONSOLE /TLBID:1 /DYNAMICBASE /NXCOMPAT /IMPLIB:"C:\Users\David\Desktop\cg_trabalho final\Debug\cg_framework.lib" /MACHINE:X86 Debug\main.obj
         Debug\objloader.obj
         cg_framework.vcxproj -> C:\Users\David\Desktop\cg_trabalho final\Debug\cg_framework.exe
     1>Done Building Project "C:\Users\David\Desktop\cg_trabalho final\cg_framework\cg_framework.vcxproj" (Build target(s)).

Build succeeded.

Time Elapsed 00:00:03.18
