C:\USERS\DAVID\DESKTOP\CG_TRABALHO FINAL\CG_FRAMEWORK\DEBUG\OBJLOADER.OBJ
C:\USERS\DAVID\DESKTOP\CG_TRABALHO FINAL\CG_FRAMEWORK\DEBUG\VC110.PDB
C:\USERS\DAVID\DESKTOP\CG_TRABALHO FINAL\CG_FRAMEWORK\DEBUG\MAIN.OBJ
C:\USERS\DAVID\DESKTOP\CG_TRABALHO FINAL\DEBUG\CG_FRAMEWORK.ILK
C:\USERS\DAVID\DESKTOP\CG_TRABALHO FINAL\DEBUG\CG_FRAMEWORK.EXE
C:\USERS\DAVID\DESKTOP\CG_TRABALHO FINAL\DEBUG\CG_FRAMEWORK.PDB
C:\Users\David\Desktop\cg_trabalho final\cg_framework\Debug\main.obj
C:\Users\David\Desktop\cg_trabalho final\cg_framework\Debug\objloader.obj
C:\Users\David\Desktop\cg_trabalho final\cg_framework\Debug\cl.command.1.tlog
C:\Users\David\Desktop\cg_trabalho final\cg_framework\Debug\CL.read.1.tlog
C:\Users\David\Desktop\cg_trabalho final\cg_framework\Debug\CL.write.1.tlog
C:\Users\David\Desktop\cg_trabalho final\cg_framework\Debug\link-cvtres.read.1.tlog
C:\Users\David\Desktop\cg_trabalho final\cg_framework\Debug\link-cvtres.write.1.tlog
C:\Users\David\Desktop\cg_trabalho final\cg_framework\Debug\link-rc.read.1.tlog
C:\Users\David\Desktop\cg_trabalho final\cg_framework\Debug\link-rc.write.1.tlog
C:\Users\David\Desktop\cg_trabalho final\cg_framework\Debug\link.13552-cvtres.read.1.tlog
C:\Users\David\Desktop\cg_trabalho final\cg_framework\Debug\link.13552-cvtres.write.1.tlog
C:\Users\David\Desktop\cg_trabalho final\cg_framework\Debug\link.13552-rc.read.1.tlog
C:\Users\David\Desktop\cg_trabalho final\cg_framework\Debug\link.13552-rc.write.1.tlog
C:\Users\David\Desktop\cg_trabalho final\cg_framework\Debug\link.13552.read.1.tlog
C:\Users\David\Desktop\cg_trabalho final\cg_framework\Debug\link.13552.write.1.tlog
C:\Users\David\Desktop\cg_trabalho final\cg_framework\Debug\link.21036-cvtres.read.1.tlog
C:\Users\David\Desktop\cg_trabalho final\cg_framework\Debug\link.21036-cvtres.write.1.tlog
C:\Users\David\Desktop\cg_trabalho final\cg_framework\Debug\link.21036-rc.read.1.tlog
C:\Users\David\Desktop\cg_trabalho final\cg_framework\Debug\link.21036-rc.write.1.tlog
C:\Users\David\Desktop\cg_trabalho final\cg_framework\Debug\link.21036.read.1.tlog
C:\Users\David\Desktop\cg_trabalho final\cg_framework\Debug\link.21036.write.1.tlog
C:\Users\David\Desktop\cg_trabalho final\cg_framework\Debug\link.21896-cvtres.read.1.tlog
C:\Users\David\Desktop\cg_trabalho final\cg_framework\Debug\link.21896-cvtres.write.1.tlog
C:\Users\David\Desktop\cg_trabalho final\cg_framework\Debug\link.21896-rc.read.1.tlog
C:\Users\David\Desktop\cg_trabalho final\cg_framework\Debug\link.21896-rc.write.1.tlog
C:\Users\David\Desktop\cg_trabalho final\cg_framework\Debug\link.21896.read.1.tlog
C:\Users\David\Desktop\cg_trabalho final\cg_framework\Debug\link.21896.write.1.tlog
C:\Users\David\Desktop\cg_trabalho final\cg_framework\Debug\link.4316-cvtres.read.1.tlog
C:\Users\David\Desktop\cg_trabalho final\cg_framework\Debug\link.4316-cvtres.write.1.tlog
C:\Users\David\Desktop\cg_trabalho final\cg_framework\Debug\link.4316-rc.read.1.tlog
C:\Users\David\Desktop\cg_trabalho final\cg_framework\Debug\link.4316-rc.write.1.tlog
C:\Users\David\Desktop\cg_trabalho final\cg_framework\Debug\link.4316.read.1.tlog
C:\Users\David\Desktop\cg_trabalho final\cg_framework\Debug\link.4316.write.1.tlog
C:\Users\David\Desktop\cg_trabalho final\cg_framework\Debug\link.5040-cvtres.read.1.tlog
C:\Users\David\Desktop\cg_trabalho final\cg_framework\Debug\link.5040-cvtres.write.1.tlog
C:\Users\David\Desktop\cg_trabalho final\cg_framework\Debug\link.5040-rc.read.1.tlog
C:\Users\David\Desktop\cg_trabalho final\cg_framework\Debug\link.5040-rc.write.1.tlog
C:\Users\David\Desktop\cg_trabalho final\cg_framework\Debug\link.5040.read.1.tlog
C:\Users\David\Desktop\cg_trabalho final\cg_framework\Debug\link.5040.write.1.tlog
C:\Users\David\Desktop\cg_trabalho final\cg_framework\Debug\link.7360-cvtres.read.1.tlog
C:\Users\David\Desktop\cg_trabalho final\cg_framework\Debug\link.7360-cvtres.write.1.tlog
C:\Users\David\Desktop\cg_trabalho final\cg_framework\Debug\link.7360-rc.read.1.tlog
C:\Users\David\Desktop\cg_trabalho final\cg_framework\Debug\link.7360-rc.write.1.tlog
C:\Users\David\Desktop\cg_trabalho final\cg_framework\Debug\link.7360.read.1.tlog
C:\Users\David\Desktop\cg_trabalho final\cg_framework\Debug\link.7360.write.1.tlog
C:\Users\David\Desktop\cg_trabalho final\cg_framework\Debug\link.command.1.tlog
C:\Users\David\Desktop\cg_trabalho final\cg_framework\Debug\link.read.1.tlog
C:\Users\David\Desktop\cg_trabalho final\cg_framework\Debug\link.write.1.tlog
C:\Users\David\Desktop\cg_trabalho final\cg_framework\Debug\vc110.idb
C:\Users\David\Desktop\cg_trabalho final\cg_framework\Debug\vc110.pdb
C:\Users\David\Desktop\cg_trabalho final\Debug\cg_framework.pdb
C:\Users\David\Desktop\cg_trabalho final\Debug\cg_framework.exe
C:\Users\David\Desktop\cg_trabalho final\Debug\cg_framework.ilk
